0 info it worked if it ends with ok
1 verbose cli [ 'C:\\Program Files\\nodejs\\node.exe',
1 verbose cli   'C:\\Program Files\\nodejs\\node_modules\\npm\\bin\\npm-cli.js',
1 verbose cli   'start' ]
2 info using npm@3.10.10
3 info using node@v6.11.0
4 verbose run-script [ 'prestart', 'start', 'poststart' ]
5 info lifecycle hydration@1.0.0~prestart: hydration@1.0.0
6 silly lifecycle hydration@1.0.0~prestart: no script for prestart, continuing
7 info lifecycle hydration@1.0.0~start: hydration@1.0.0
8 verbose lifecycle hydration@1.0.0~start: unsafe-perm in lifecycle true
9 verbose lifecycle hydration@1.0.0~start: PATH: C:\Program Files\nodejs\node_modules\npm\bin\node-gyp-bin;C:\git\hydration\node_modules\.bin;c:\program files (x86)\intel\icls client\;c:\program files\intel\icls client\;c:\programdata\oracle\java\javapath;c:\windows\system32;c:\windows;c:\windows\system32\wbem;c:\windows\system32\windowspowershell\v1.0\;c:\program files\matlab\matlab production server\r2015a\runtime\win64;c:\program files\matlab\matlab production server\r2015a\bin;c:\program files\matlab\matlab production server\r2015a\polyspace\bin;c:\program files\intel\intel(r) management engine components\dal;c:\program files (x86)\intel\intel(r) management engine components\dal;c:\program files\intel\intel(r) management engine components\ipt;c:\program files (x86)\intel\intel(r) management engine components\ipt;C:\Program Files (x86)\NVIDIA Corporation\PhysX\Common;C:\Program Files\nodejs\;C:\Go\bin;C:\Program Files (x86)\Microsoft VS Code\bin;C:\Program Files (x86)\Microsoft VS Code\bin;C:\Users\Nick\AppData\Roaming\npm;C:\Users\Nick\AppData\Local\GitHubDesktop\bin;C:\Hugo\bin
10 verbose lifecycle hydration@1.0.0~start: CWD: C:\git\hydration
11 silly lifecycle hydration@1.0.0~start: Args: [ '/d /s /c', 'gulp server' ]
12 silly lifecycle hydration@1.0.0~start: Returned: code: 1  signal: null
13 info lifecycle hydration@1.0.0~start: Failed to exec start script
14 verbose stack Error: hydration@1.0.0 start: `gulp server`
14 verbose stack Exit status 1
14 verbose stack     at EventEmitter.<anonymous> (C:\Program Files\nodejs\node_modules\npm\lib\utils\lifecycle.js:255:16)
14 verbose stack     at emitTwo (events.js:106:13)
14 verbose stack     at EventEmitter.emit (events.js:191:7)
14 verbose stack     at ChildProcess.<anonymous> (C:\Program Files\nodejs\node_modules\npm\lib\utils\spawn.js:40:14)
14 verbose stack     at emitTwo (events.js:106:13)
14 verbose stack     at ChildProcess.emit (events.js:191:7)
14 verbose stack     at maybeClose (internal/child_process.js:891:16)
14 verbose stack     at Process.ChildProcess._handle.onexit (internal/child_process.js:226:5)
15 verbose pkgid hydration@1.0.0
16 verbose cwd C:\git\hydration
17 error Windows_NT 6.1.7601
18 error argv "C:\\Program Files\\nodejs\\node.exe" "C:\\Program Files\\nodejs\\node_modules\\npm\\bin\\npm-cli.js" "start"
19 error node v6.11.0
20 error npm  v3.10.10
21 error code ELIFECYCLE
22 error hydration@1.0.0 start: `gulp server`
22 error Exit status 1
23 error Failed at the hydration@1.0.0 start script 'gulp server'.
23 error Make sure you have the latest version of node.js and npm installed.
23 error If you do, this is most likely a problem with the hydration package,
23 error not with npm itself.
23 error Tell the author that this fails on your system:
23 error     gulp server
23 error You can get information on how to open an issue for this project with:
23 error     npm bugs hydration
23 error Or if that isn't available, you can get their info via:
23 error     npm owner ls hydration
23 error There is likely additional logging output above.
24 verbose exit [ 1, true ]
